seen:  0  | processed:  0
seen:  31  | processed:  31
seen:  0  | processed:  0
seen:  25  | processed:  25
seen:  13  | processed:  13
seen:  45  | processed:  45
seen:  39  | processed:  39
seen:  0  | processed:  0
seen:  0  | processed:  0
seen:  0  | processed:  0
seen:  0  | processed:  0
seen:  85  | processed:  85
seen:  13  | processed:  13
seen:  35  | processed:  35
seen:  114  | processed:  114
seen:  48  | processed:  48
seen:  0  | processed:  0
seen:  35  | processed:  35
seen:  49  | processed:  49
seen:  1  | processed:  10
seen:  2  | processed:  2
seen:  115  | processed:  115
seen:  10  | processed:  10
seen:  24  | processed:  24
seen:  76  | processed:  76
seen:  2  | processed:  2
seen:  87  | processed:  87
seen:  18  | processed:  47
seen:  89  | processed:  89
seen:  169  | processed:  169
seen:  58  | processed:  58
seen:  35  | processed:  35
seen:  170  | processed:  170
seen:  67  | processed:  67
seen:  0  | processed:  8
seen:  34  | processed:  34
seen:  40  | processed:  40
seen:  0  | processed:  0
seen:  0  | processed:  8
seen:  0  | processed:  0
seen:  115  | processed:  115
seen:  62  | processed:  62
seen:  218  | processed:  218
seen:  103  | processed:  103
seen:  58  | processed:  93
seen:  88  | processed:  88
seen:  138  | processed:  138
seen:  98  | processed:  98
seen:  256  | processed:  259
seen:  358  | processed:  358
seen:  279  | processed:  282
seen:  92  | processed:  92
seen:  149  | processed:  149
seen:  193  | processed:  193
seen:  388  | processed:  388
seen:  147  | processed:  147
seen:  330  | processed:  330
seen:  326  | processed:  326
seen:  0  | processed:  0
seen:  368  | processed:  368
seen:  339  | processed:  339
seen:  1  | processed:  1
seen:  352  | processed:  352
seen:  0  | processed:  1
seen:  316  | processed:  316
seen:  409  | processed:  409
seen:  328  | processed:  328
seen:  27  | processed:  95
seen:  352  | processed:  352
seen:  42  | processed:  42
seen:  9  | processed:  9
seen:  0  | processed:  0
seen:  0  | processed:  12
seen:  54  | processed:  124
seen:  0  | processed:  0
seen:  0  | processed:  15
seen:  0  | processed:  0
seen:  0  | processed:  0
seen:  35  | processed:  35
seen:  1  | processed:  16
seen:  0  | processed:  0
seen:  82  | processed:  155
seen:  126  | processed:  126
seen:  186  | processed:  186
seen:  405  | processed:  405
seen:  8  | processed:  8
seen:  50  | processed:  50
seen:  1  | processed:  2
seen:  134  | processed:  134
seen:  0  | processed:  2
seen:  6  | processed:  51
seen:  0  | processed:  0
seen:  137  | processed:  282
seen:  139  | processed:  283
seen:  119  | processed:  164
seen:  45  | processed:  118
seen:  0  | processed:  0
seen:  27  | processed:  72
seen:  0  | processed:  0
seen:  161  | processed:  246
seen:  232  | processed:  242
seen:  69  | processed:  69
seen:  0  | processed:  0
seen:  168  | processed:  213
seen:  85  | processed:  167
seen:  29  | processed:  29
seen:  22  | processed:  22
seen:  3  | processed:  9
seen:  0  | processed:  0
seen:  120  | processed:  266
seen:  0  | processed:  0
seen:  72  | processed:  72
seen:  26  | processed:  73
seen:  5  | processed:  10
seen:  33  | processed:  33
seen:  52  | processed:  52
seen:  22  | processed:  47
seen:  55  | processed:  148
seen:  27  | processed:  27
seen:  0  | processed:  0
seen:  407  | processed:  408
seen:  0  | processed:  0
seen:  2  | processed:  37
seen:  24  | processed:  24
seen:  84  | processed:  91
seen:  25  | processed:  25
seen:  253  | processed:  264
seen:  246  | processed:  258
seen:  0  | processed:  0
seen:  20  | processed:  109
seen:  0  | processed:  0
seen:  0  | processed:  0
seen:  349  | processed:  354
seen:  0  | processed:  0
seen:  167  | processed:  179
seen:  0  | processed:  0
seen:  0  | processed:  0
seen:  58  | processed:  58
seen:  98  | processed:  98
seen:  169  | processed:  233
seen:  169  | processed:  184
seen:  147  | processed:  147
seen:  15  | processed:  47
seen:  53  | processed:  77
seen:  58  | processed:  80
seen:  280  | processed:  377
seen:  133  | processed:  133
seen:  161  | processed:  161
seen:  133  | processed:  133
seen:  130  | processed:  135
seen:  0  | processed:  0
seen:  247  | processed:  261
seen:  142  | processed:  146
seen:  24  | processed:  24
seen:  149  | processed:  149
seen:  149  | processed:  149
seen:  139  | processed:  147
seen:  2  | processed:  35
seen:  341  | processed:  351
seen:  120  | processed:  145
seen:  204  | processed:  271
seen:  178  | processed:  215
seen:  54  | processed:  113
seen:  357  | processed:  372
seen:  355  | processed:  369
seen:  36  | processed:  134
seen:  77  | processed:  180
seen:  8  | processed:  75
seen:  95  | processed:  118
seen:  141  | processed:  156
seen:  329  | processed:  340
seen:  0  | processed:  30
seen:  32  | processed:  94
seen:  24  | processed:  76
seen:  0  | processed:  0
seen:  134  | processed:  160
seen:  312  | processed:  326
seen:  67  | processed:  93
seen:  218  | processed:  234
seen:  66  | processed:  97
seen:  0  | processed:  1
seen:  169  | processed:  178
seen:  0  | processed:  0
seen:  317  | processed:  336
seen:  0  | processed:  0
seen:  0  | processed:  0
seen:  84  | processed:  162
seen:  199  | processed:  347
seen:  9  | processed:  41
seen:  34  | processed:  58
seen:  2  | processed:  31
seen:  277  | processed:  356
seen:  125  | processed:  212
seen:  44  | processed:  60
seen:  20  | processed:  109
seen:  0  | processed:  0
seen:  1  | processed:  31
seen:  0  | processed:  0
seen:  0  | processed:  0
seen:  0  | processed:  0
seen:  153  | processed:  310
seen:  0  | processed:  34
seen:  1  | processed:  1
seen:  0  | processed:  0
seen:  3  | processed:  47
seen:  5  | processed:  23
seen:  4  | processed:  16
seen:  140  | processed:  156
seen:  1  | processed:  13
seen:  0  | processed:  30
seen:  0  | processed:  0
seen:  81  | processed:  150
seen:  29  | processed:  37
seen:  0  | processed:  0
seen:  0  | processed:  0
seen:  130  | processed:  163
seen:  0  | processed:  0
seen:  10  | processed:  42
seen:  9  | processed:  38
seen:  0  | processed:  0
seen:  1  | processed:  22
seen:  0  | processed:  0
seen:  1  | processed:  44
seen:  10  | processed:  23
seen:  194  | processed:  234
seen:  60  | processed:  104
seen:  19  | processed:  61
seen:  11  | processed:  59
seen:  5  | processed:  26
seen:  1  | processed:  16
seen:  126  | processed:  159
seen:  0  | processed:  0
seen:  0  | processed:  53
seen:  149  | processed:  165
seen:  0  | processed:  0
seen:  0  | processed:  2
seen:  0  | processed:  16
seen:  24  | processed:  122
seen:  6  | processed:  44
seen:  19  | processed:  68
seen:  0  | processed:  0
seen:  0  | processed:  0
seen:  0  | processed:  14
seen:  2  | processed:  18
seen:  0  | processed:  2
seen:  0  | processed:  0
seen:  46  | processed:  154
seen:  51  | processed:  347
seen:  46  | processed:  111
seen:  0  | processed:  5
seen:  24  | processed:  101
seen:  52  | processed:  359
seen:  35  | processed:  166
seen:  33  | processed:  132
seen:  175  | processed:  369
seen:  33  | processed:  326
seen:  41  | processed:  152
seen:  1  | processed:  7
seen:  1  | processed:  14
seen:  19  | processed:  87
seen:  0  | processed:  0
seen:  163  | processed:  375
seen:  0  | processed:  0
seen:  84  | processed:  265
seen:  127  | processed:  306
seen:  45  | processed:  313
seen:  89  | processed:  325
seen:  0  | processed:  21
seen:  75  | processed:  187
seen:  5  | processed:  28
seen:  189  | processed:  392
seen:  15  | processed:  60
seen:  0  | processed:  0
seen:  0  | processed:  30
seen:  0  | processed:  30
seen:  10  | processed:  38
seen:  82  | processed:  329
seen:  0  | processed:  0
seen:  14  | processed:  127
seen:  193  | processed:  327
seen:  90  | processed:  322
seen:  85  | processed:  375
seen:  0  | processed:  0
seen:  163  | processed:  372
seen:  0  | processed:  0
seen:  0  | processed:  0
seen:  167  | processed:  361
seen:  168  | processed:  394
seen:  86  | processed:  260
seen:  0  | processed:  0
seen:  0  | processed:  0
seen:  0  | processed:  6
seen:  79  | processed:  215
seen:  0  | processed:  0
seen:  21  | processed:  69
seen:  0  | processed:  0
seen:  2  | processed:  13
seen:  200  | processed:  411
seen:  111  | processed:  375
seen:  0  | processed:  0
seen:  53  | processed:  302
seen:  0  | processed:  0
seen:  0  | processed:  0
seen:  130  | processed:  318
seen:  0  | processed:  0
seen:  0  | processed:  0
seen:  0  | processed:  0
seen:  0  | processed:  22
seen:  77  | processed:  218
seen:  0  | processed:  0
seen:  1  | processed:  34
seen:  1  | processed:  1
seen:  1  | processed:  8
seen:  24  | processed:  150
seen:  0  | processed:  0
seen:  123  | processed:  379
seen:  0  | processed:  20
seen:  5  | processed:  66
seen:  0  | processed:  1
seen:  7  | processed:  69
seen:  0  | processed:  0
seen:  1  | processed:  1
seen:  0  | processed:  0
seen:  4  | processed:  35
seen:  1  | processed:  42
seen:  2  | processed:  41
seen:  25  | processed:  89
seen:  20  | processed:  64
seen:  0  | processed:  0
seen:  4  | processed:  36
seen:  21  | processed:  92
seen:  23  | processed:  128
seen:  18  | processed:  110
seen:  42  | processed:  273
seen:  22  | processed:  167
seen:  9  | processed:  87
seen:  63  | processed:  178
seen:  0  | processed:  0
seen:  0  | processed:  0
seen:  25  | processed:  87
seen:  25  | processed:  112
seen:  85  | processed:  318
seen:  25  | processed:  102
seen:  63  | processed:  144
seen:  21  | processed:  161
seen:  0  | processed:  0
seen:  7  | processed:  57
seen:  35  | processed:  237
seen:  56  | processed:  154
seen:  34  | processed:  141
seen:  53  | processed:  153
seen:  46  | processed:  148
seen:  7  | processed:  52
seen:  1  | processed:  36
seen:  10  | processed:  31
seen:  39  | processed:  324
seen:  20  | processed:  151
seen:  36  | processed:  170
seen:  8  | processed:  74
seen:  29  | processed:  165
seen:  70  | processed:  324
seen:  21  | processed:  148
seen:  41  | processed:  334
seen:  69  | processed:  366
seen:  30  | processed:  180
seen:  0  | processed:  0
seen:  27  | processed:  162
seen:  28  | processed:  152
seen:  9  | processed:  80
seen:  0  | processed:  0
seen:  17  | processed:  157
seen:  2  | processed:  48
seen:  0  | processed:  2
seen:  25  | processed:  168
seen:  0  | processed:  16
seen:  8  | processed:  46
seen:  20  | processed:  138
seen:  24  | processed:  342
seen:  21  | processed:  106
seen:  160  | processed:  405
seen:  1  | processed:  38
seen:  0  | processed:  1
seen:  1  | processed:  31
seen:  24  | processed:  172
seen:  0  | processed:  0
seen:  56  | processed:  226
seen:  0  | processed:  8
seen:  34  | processed:  380
seen:  65  | processed:  246
seen:  0  | processed:  9
seen:  4  | processed:  66
seen:  0  | processed:  9
seen:  28  | processed:  169
seen:  2  | processed:  50
seen:  182  | processed:  413
seen:  0  | processed:  0
seen:  5  | processed:  66
seen:  1  | processed:  25
seen:  25  | processed:  135
seen:  52  | processed:  246
seen:  128  | processed:  347
seen:  4  | processed:  61
seen:  0  | processed:  0
seen:  107  | processed:  421
seen:  0  | processed:  1
seen:  92  | processed:  357
seen:  0  | processed:  34
seen:  63  | processed:  226
seen:  0  | processed:  0
seen:  28  | processed:  156
seen:  25  | processed:  170
seen:  34  | processed:  335
seen:  38  | processed:  354
